<?xml version="1.0" encoding="UTF-8"?>
<!-- Generated by org.testng.reporters.JUnitXMLReporter -->
<testsuite hostname="LAP153-NSP-NSGROUP" failures="0" tests="6" name="Default test" time="0.021" errors="0" timestamp="29 Sep 2022 06:56:30 GMT">
  <testcase classname="com.actitime.scripts.TaskTest" name="@BeforeMethod preCondition" time="0.0">
    <failure type="org.testng.TestNGException" message="
Parameter &amp;apos;browser&amp;apos; is required by @Configuration on method preCondition but has not been marked @Optional or defined
in C:\Users\sanjay.kumar\AppData\Local\Temp\testng-eclipse-436693262\testng-customsuite.xml">
      <![CDATA[org.testng.TestNGException: 
Parameter 'browser' is required by @Configuration on method preCondition but has not been marked @Optional or defined
in C:\Users\sanjay.kumar\AppData\Local\Temp\testng-eclipse-436693262\testng-customsuite.xml
	at org.testng.internal.Parameters.createParameters(Parameters.java:154)
	at org.testng.internal.Parameters.createParameters(Parameters.java:361)
	at org.testng.internal.Parameters.createConfigurationParameters(Parameters.java:84)
	at org.testng.internal.Invoker.invokeConfigurations(Invoker.java:197)
	at org.testng.internal.Invoker.invokeMethod(Invoker.java:585)
	at org.testng.internal.Invoker.invokeTestMethod(Invoker.java:816)
	at org.testng.internal.Invoker.invokeTestMethods(Invoker.java:1124)
	at org.testng.internal.TestMethodWorker.invokeTestMethods(TestMethodWorker.java:125)
	at org.testng.internal.TestMethodWorker.run(TestMethodWorker.java:108)
	at org.testng.TestRunner.privateRun(TestRunner.java:774)
	at org.testng.TestRunner.run(TestRunner.java:624)
	at org.testng.SuiteRunner.runTest(SuiteRunner.java:359)
	at org.testng.SuiteRunner.runSequentially(SuiteRunner.java:354)
	at org.testng.SuiteRunner.privateRun(SuiteRunner.java:312)
	at org.testng.SuiteRunner.run(SuiteRunner.java:261)
	at org.testng.SuiteRunnerWorker.runSuite(SuiteRunnerWorker.java:52)
	at org.testng.SuiteRunnerWorker.run(SuiteRunnerWorker.java:86)
	at org.testng.TestNG.runSuitesSequentially(TestNG.java:1215)
	at org.testng.TestNG.runSuitesLocally(TestNG.java:1140)
	at org.testng.TestNG.run(TestNG.java:1048)
	at org.testng.remote.AbstractRemoteTestNG.run(AbstractRemoteTestNG.java:115)
	at org.testng.remote.RemoteTestNG.initAndRun(RemoteTestNG.java:251)
	at org.testng.remote.RemoteTestNG.main(RemoteTestNG.java:77)
]]>
    </failure>
  </testcase> <!-- @BeforeMethod preCondition -->
  <testcase classname="com.actitime.scripts.TaskTest" name="@AfterMethod postCondition" time="0.0">
    <skipped/>
  </testcase> <!-- @AfterMethod postCondition -->
  <testcase classname="com.actitime.scripts.TaskTest" name="createCustomer" time="0.003">
    <skipped/>
  </testcase> <!-- createCustomer -->
  <testcase classname="com.actitime.scripts.TaskTest" name="createNewProject" time="0.0">
    <skipped/>
  </testcase> <!-- createNewProject -->
  <testcase classname="com.actitime.scripts.TaskTest" name="deleteCustomer" time="0.0">
    <skipped/>
  </testcase> <!-- deleteCustomer -->
  <testcase classname="com.actitime.scripts.TaskTest" name="createNewTask" time="0.0">
    <skipped/>
  </testcase> <!-- createNewTask -->
  <testcase classname="com.actitime.scripts.TaskTest" name="deleteNewProject" time="0.0">
    <skipped/>
  </testcase> <!-- deleteNewProject -->
  <testcase classname="com.actitime.scripts.TaskTest" name="deleteNewTask" time="0.0">
    <skipped/>
  </testcase> <!-- deleteNewTask -->
</testsuite> <!-- Default test -->
